#
# There is insufficient memory for the Java Runtime Environment to continue.
# Native memory allocation (mmap) failed to map 134217728 bytes for G1 virtual space
# Possible reasons:
#   The system is out of physical RAM or swap space
#   The process is running with CompressedOops enabled, and the Java Heap may be blocking the growth of the native heap
# Possible solutions:
#   Reduce memory load on the system
#   Increase physical memory or swap space
#   Check if swap backing store is full
#   Decrease Java heap size (-Xmx/-Xms)
#   Decrease number of Java threads
#   Decrease Java thread stack sizes (-Xss)
#   Set larger code cache with -XX:ReservedCodeCacheSize=
#   JVM is running with Unscaled Compressed Oops mode in which the Java heap is
#     placed in the first 4GB address space. The Java Heap base address is the
#     maximum limit for the native heap growth. Please use -XX:HeapBaseMinAddress
#     to set the Java Heap base and to place the Java Heap above 4GB virtual address.
# This output file may be truncated or incomplete.
#
#  Out of Memory Error (os_windows.cpp:3548), pid=24872, tid=2392
#
# JRE version:  (17.0.12+8) (build )
# Java VM: Java HotSpot(TM) 64-Bit Server VM (17.0.12+8-LTS-286, mixed mode, sharing, tiered, compressed oops, compressed class ptrs, g1 gc, windows-amd64)
# No core dump will be written. Minidumps are not enabled by default on client versions of Windows
#

---------------  S U M M A R Y ------------

Command Line: -Dclassworlds.conf=C:\Users\user\.m2\wrapper\dists\apache-maven-3.9.9\977a63e90f436cd6ade95b4c0e10c20c\bin\m2.conf -Dmaven.home=C:\Users\user\.m2\wrapper\dists\apache-maven-3.9.9\977a63e90f436cd6ade95b4c0e10c20c -Dlibrary.jansi.path=C:\Users\user\.m2\wrapper\dists\apache-maven-3.9.9\977a63e90f436cd6ade95b4c0e10c20c\lib\jansi-native -Dmaven.multiModuleProjectDirectory=C:\Users\user\Desktop\devops\sak_spring_EC2_mysql_RDS org.codehaus.plexus.classworlds.launcher.Launcher -DskipTests=true -Dmaven.ext.class.path=C:\Users\user\.vscode\extensions\oracle.oracle-java-26.0.0\nbcode\java\maven-nblib\netbeans-eventspy.jar --no-transfer-progress --fail-at-end install

Host: Intel(R) Core(TM) i5-8350U CPU @ 1.70GHz, 8 cores, 7G,  Windows 10 , 64 bit Build 19041 (10.0.19041.5915)
Time: Thu Jul  9 15:42:24 2026 India Standard Time elapsed time: 0.016652 seconds (0d 0h 0m 0s)

---------------  T H R E A D  ---------------

Current thread (0x000002837fed0410):  JavaThread "Unknown thread" [_thread_in_vm, id=2392, stack(0x000000aca5700000,0x000000aca5800000)]

Stack: [0x000000aca5700000,0x000000aca5800000]
Native frames: (J=compiled Java code, j=interpreted, Vv=VM code, C=native code)
V  [jvm.dll+0x67a04a]
V  [jvm.dll+0x7da4ed]
V  [jvm.dll+0x7dbe33]
V  [jvm.dll+0x7dc4a3]
V  [jvm.dll+0x24508f]
V  [jvm.dll+0x677089]
V  [jvm.dll+0x66bd32]
V  [jvm.dll+0x301fa6]
V  [jvm.dll+0x309546]
V  [jvm.dll+0x359d2e]
V  [jvm.dll+0x359f5f]
V  [jvm.dll+0x2d9078]
V  [jvm.dll+0x2d9fe4]
V  [jvm.dll+0x7aca21]
V  [jvm.dll+0x367591]
V  [jvm.dll+0x78b999]
V  [jvm.dll+0x3ec83f]
V  [jvm.dll+0x3ee471]
C  [jli.dll+0x5297]
C  [ucrtbase.dll+0x21bb2]
C  [KERNEL32.DLL+0x17374]
C  [ntdll.dll+0x4cc91]


---------------  P R O C E S S  ---------------

Threads class SMR info:
_java_thread_list=0x00007ff868737a18, length=0, elements={
}

Java Threads: ( => current thread )

Other Threads:
  0x000002837ff25650 GCTaskThread "GC Thread#0" [stack: 0x000000aca5800000,0x000000aca5900000] [id=23800]
  0x000002837ff37990 ConcurrentGCThread "G1 Main Marker" [stack: 0x000000aca5900000,0x000000aca5a00000] [id=2104]
  0x000002837ff383a0 ConcurrentGCThread "G1 Conc#0" [stack: 0x000000aca5a00000,0x000000aca5b00000] [id=23324]

[error occurred during error reporting (printing all threads), id 0xc0000005, EXCEPTION_ACCESS_VIOLATION (0xc0000005) at pc=0x00007ff867f69b67]

VM state: not at safepoint (not fully initialized)

VM Mutex/Monitor currently owned by a thread:  ([mutex/lock_event])
[0x000002837fecbd50] Heap_lock - owner thread: 0x000002837fed0410

Heap address: 0x0000000081e00000, size: 2018 MB, Compressed Oops mode: 32-bit

CDS archive(s) mapped at: [0x0000000000000000-0x0000000000000000-0x0000000000000000), size 0, SharedBaseAddress: 0x0000000800000000, ArchiveRelocationMode: 1.
Narrow klass base: 0x0000000000000000, Narrow klass shift: 0, Narrow klass range: 0x0

GC Precious Log:
<Empty>

Heap:
 garbage-first heap   total 0K, used 0K [0x0000000081e00000, 0x0000000100000000)
  region size 1024K, 0 young (0K), 0 survivors (0K)

[error occurred during error reporting (printing heap information), id 0xc0000005, EXCEPTION_ACCESS_VIOLATION (0xc0000005) at pc=0x00007ff868353859]

GC Heap History (0 events):
No events

Deoptimization events (0 events):
No events

Classes unloaded (0 events):
No events

Classes redefined (0 events):
No events

Internal exceptions (0 events):
No events

VM Operations (0 events):
No events

Events (1 events):
Event: 0.007 Loaded shared library C:\Program Files\Java\jdk-17\bin\java.dll


Dynamic libraries:
0x00007ff7b7350000 - 0x00007ff7b7360000 	C:\Program Files\Java\jdk-17\bin\java.exe
0x00007ff8e52f0000 - 0x00007ff8e54e8000 	C:\Windows\SYSTEM32\ntdll.dll
0x00007ff8e51e0000 - 0x00007ff8e52a2000 	C:\Windows\System32\KERNEL32.DLL
0x00007ff8e3010000 - 0x00007ff8e3306000 	C:\Windows\System32\KERNELBASE.dll
0x00007ff8e2cf0000 - 0x00007ff8e2df0000 	C:\Windows\System32\ucrtbase.dll
0x00007ff8b6fb0000 - 0x00007ff8b6fcb000 	C:\Program Files\Java\jdk-17\bin\VCRUNTIME140.dll
0x00007ff8b5380000 - 0x00007ff8b5399000 	C:\Program Files\Java\jdk-17\bin\jli.dll
0x00007ff8e3310000 - 0x00007ff8e33c1000 	C:\Windows\System32\ADVAPI32.dll
0x00007ff8e3490000 - 0x00007ff8e352e000 	C:\Windows\System32\msvcrt.dll
0x00007ff8e3db0000 - 0x00007ff8e3e4f000 	C:\Windows\System32\sechost.dll
0x00007ff8e4240000 - 0x00007ff8e4360000 	C:\Windows\System32\RPCRT4.dll
0x00007ff8e2ae0000 - 0x00007ff8e2b07000 	C:\Windows\System32\bcrypt.dll
0x00007ff8e3f00000 - 0x00007ff8e40a1000 	C:\Windows\System32\USER32.dll
0x00007ff8e2df0000 - 0x00007ff8e2e12000 	C:\Windows\System32\win32u.dll
0x00007ff8cfe80000 - 0x00007ff8d011b000 	C:\Windows\WinSxS\amd64_microsoft.windows.common-controls_6595b64144ccf1df_6.0.19041.6456_none_60b8a6cb71f64256\COMCTL32.dll
0x00007ff8e4360000 - 0x00007ff8e438b000 	C:\Windows\System32\GDI32.dll
0x00007ff8e2e70000 - 0x00007ff8e2f89000 	C:\Windows\System32\gdi32full.dll
0x00007ff8e2ba0000 - 0x00007ff8e2c3d000 	C:\Windows\System32\msvcp_win.dll
0x00007ff8da060000 - 0x00007ff8da06a000 	C:\Windows\SYSTEM32\VERSION.dll
0x00007ff8e3cb0000 - 0x00007ff8e3cdf000 	C:\Windows\System32\IMM32.DLL
0x00007ff8cf670000 - 0x00007ff8cf67c000 	C:\Program Files\Java\jdk-17\bin\vcruntime140_1.dll
0x00007ff8a7920000 - 0x00007ff8a79ae000 	C:\Program Files\Java\jdk-17\bin\msvcp140.dll
0x00007ff867c80000 - 0x00007ff868860000 	C:\Program Files\Java\jdk-17\bin\server\jvm.dll
0x00007ff8e3530000 - 0x00007ff8e3538000 	C:\Windows\System32\PSAPI.DLL
0x00007ff8d0210000 - 0x00007ff8d0237000 	C:\Windows\SYSTEM32\WINMM.dll
0x00007ff8c6e60000 - 0x00007ff8c6e69000 	C:\Windows\SYSTEM32\WSOCK32.dll
0x00007ff8e3ce0000 - 0x00007ff8e3d4b000 	C:\Windows\System32\WS2_32.dll
0x00007ff8e1190000 - 0x00007ff8e11a2000 	C:\Windows\SYSTEM32\kernel.appcore.dll
0x00007ff8cc910000 - 0x00007ff8cc91a000 	C:\Program Files\Java\jdk-17\bin\jimage.dll
0x00007ff8e0f60000 - 0x00007ff8e1161000 	C:\Windows\SYSTEM32\DBGHELP.DLL
0x00007ff8c9f70000 - 0x00007ff8c9fa4000 	C:\Windows\SYSTEM32\dbgcore.DLL
0x00007ff8e2b10000 - 0x00007ff8e2b92000 	C:\Windows\System32\bcryptPrimitives.dll
0x00007ff8ada90000 - 0x00007ff8adab5000 	C:\Program Files\Java\jdk-17\bin\java.dll

dbghelp: loaded successfully - version: 4.0.5 - missing functions: none
symbol engine: initialized successfully - sym options: 0x614 - pdb path: .;C:\Program Files\Java\jdk-17\bin;C:\Windows\SYSTEM32;C:\Windows\WinSxS\amd64_microsoft.windows.common-controls_6595b64144ccf1df_6.0.19041.6456_none_60b8a6cb71f64256;C:\Program Files\Java\jdk-17\bin\server

VM Arguments:
jvm_args: -Dclassworlds.conf=C:\Users\user\.m2\wrapper\dists\apache-maven-3.9.9\977a63e90f436cd6ade95b4c0e10c20c\bin\m2.conf -Dmaven.home=C:\Users\user\.m2\wrapper\dists\apache-maven-3.9.9\977a63e90f436cd6ade95b4c0e10c20c -Dlibrary.jansi.path=C:\Users\user\.m2\wrapper\dists\apache-maven-3.9.9\977a63e90f436cd6ade95b4c0e10c20c\lib\jansi-native -Dmaven.multiModuleProjectDirectory=C:\Users\user\Desktop\devops\sak_spring_EC2_mysql_RDS 
java_command: org.codehaus.plexus.classworlds.launcher.Launcher -DskipTests=true -Dmaven.ext.class.path=C:\Users\user\.vscode\extensions\oracle.oracle-java-26.0.0\nbcode\java\maven-nblib\netbeans-eventspy.jar --no-transfer-progress --fail-at-end install
java_class_path (initial): C:\Users\user\.m2\wrapper\dists\apache-maven-3.9.9\977a63e90f436cd6ade95b4c0e10c20c\boot\plexus-classworlds-2.8.0.jar
Launcher Type: SUN_STANDARD

[Global flags]
     intx CICompilerCount                          = 4                                         {product} {ergonomic}
     uint ConcGCThreads                            = 2                                         {product} {ergonomic}
     uint G1ConcRefinementThreads                  = 8                                         {product} {ergonomic}
   size_t G1HeapRegionSize                         = 1048576                                   {product} {ergonomic}
    uintx GCDrainStackTargetSize                   = 64                                        {product} {ergonomic}
   size_t InitialHeapSize                          = 134217728                                 {product} {ergonomic}
   size_t MarkStackSize                            = 4194304                                   {product} {ergonomic}
   size_t MaxHeapSize                              = 2116026368                                {product} {ergonomic}
   size_t MinHeapDeltaBytes                        = 1048576                                   {product} {ergonomic}
   size_t MinHeapSize                              = 8388608                                   {product} {ergonomic}
    uintx NonNMethodCodeHeapSize                   = 5839372                                {pd product} {ergonomic}
    uintx NonProfiledCodeHeapSize                  = 122909434                              {pd product} {ergonomic}
    uintx ProfiledCodeHeapSize                     = 122909434                              {pd product} {ergonomic}
    uintx ReservedCodeCacheSize                    = 251658240                              {pd product} {ergonomic}
     bool SegmentedCodeCache                       = true                                      {product} {ergonomic}
   size_t SoftMaxHeapSize                          = 2116026368                             {manageable} {ergonomic}
     bool UseCompressedClassPointers               = true                           {product lp64_product} {ergonomic}
     bool UseCompressedOops                        = true                           {product lp64_product} {ergonomic}
     bool UseG1GC                                  = true                                      {product} {ergonomic}
     bool UseLargePagesIndividualAllocation        = false                                  {pd product} {ergonomic}

Logging:
Log output configuration:
 #0: stdout all=warning uptime,level,tags
 #1: stderr all=off uptime,level,tags

Environment Variables:
JAVA_HOME=C:\Program Files\Java\jdk-17
PATH=C:\Program Files\Common Files\Oracle\Java\javapath;C:\oraclexe\app\oracle\product\11.2.0\server\bin;C:\Windows\system32;C:\Windows;C:\Windows\System32\Wbem;C:\Windows\System32\WindowsPowerShell\v1.0\;C:\Windows\System32\OpenSSH\;C:\Program Files\Java\jdk-23\bin;C:\ProgramData\miniconda3\condabin;C:\Program Files\Tesseract-OCR;c:\mingw\bin; C:\Program Files\Java\jdk-17\bin;C:\maven\apache-maven-3.9.15\bin;C:\Program Files\Git\cmd;C:\Program Files\nodejs\;C:\Users\user\Downloads\terraform_1.15.6_windows_386;C:\Users\user\Downloads\eclipse-jee-2026-06-R-win32-x86_64\eclipse;C:\Users\user\AppData\Local\Programs\Python\Python38\Scripts\;C:\Users\user\AppData\Local\Programs\Python\Python38\;C:\Users\user\AppData\Local\Microsoft\WindowsApps;C:\Program Files\Python313;C:\Program Files\Python313\Scripts;C:\Users\user\AppData\Local\Programs\Microsoft VS Code\bin;C:\Program Files\JetBrains\PyCharm 2022.1.4\bin;;C:\ProgramData\miniconda3\condabin;C:\Program Files\Tesseract-OCR;C:\Program Files\JetBrains\IntelliJ IDEA 2026.1.1\bin;C:\Users\user\AppData\Local\Programs\Antigravity\bin;C:\Users\user\AppData\Roaming\npm
USERNAME=user
OS=Windows_NT
PROCESSOR_IDENTIFIER=Intel64 Family 6 Model 142 Stepping 10, GenuineIntel



---------------  S Y S T E M  ---------------

OS:
 Windows 10 , 64 bit Build 19041 (10.0.19041.5915)
OS uptime: 65 days 3:11 hours

CPU: total 8 (initial active 8) (4 cores per cpu, 2 threads per core) family 6 model 142 stepping 10 microcode 0xf4, cx8, cmov, fxsr, ht, mmx, 3dnowpref, sse, sse2, sse3, ssse3, sse4.1, sse4.2, popcnt, lzcnt, tsc, tscinvbit, avx, avx2, aes, erms, clmul, bmi1, bmi2, rtm, adx, fma, vzeroupper, clflush, clflushopt

Memory: 4k page, system-wide physical 8070M (294M free)
TotalPageFile size 16146M (AvailPageFile size 10M)
current process WorkingSet (physical memory assigned to process): 10M, peak: 10M
current process commit charge ("private bytes"): 60M, peak: 188M

vm_info: Java HotSpot(TM) 64-Bit Server VM (17.0.12+8-LTS-286) for windows-amd64 JRE (17.0.12+8-LTS-286), built on Jun  5 2024 06:46:59 by "mach5one" with MS VC++ 17.6 (VS2022)

END.
